Using pre-set license
Built from '2020.3/release' branch; Version is '2020.3.15f2 (6cf78cb77498) revision 7141260'; Using compiler version '192528614'; Build Type 'Release'
OS: 'Windows 10 Enterprise; OS build 19041.329; Version 2004; 64bit' Language: 'en' Physical Memory: 15773 MB
BatchMode: 1, IsHumanControllingUs: 0, StartBugReporterOnCrash: 0, Is64bit: 1, IsPro: 0

 COMMAND LINE ARGUMENTS:
C:\Program Files\Unity\Hub\Editor\2020.3.15f2\Editor\Unity.exe
-adb2
-batchMode
-noUpm
-name
AssetImportWorker0
-projectPath
C:/Users/s2001030/Desktop/Punahilkka
-logFile
Logs/AssetImportWorker0.log
-srvPort
62821
Successfully changed project path to: C:/Users/s2001030/Desktop/Punahilkka
C:/Users/s2001030/Desktop/Punahilkka
Using Asset Import Pipeline V2.
Refreshing native plugins compatible for Editor in 229.23 ms, found 3 plugins.
Preloading 0 native plugins for Editor in 0.00 ms.
Initialize engine version: 2020.3.15f2 (6cf78cb77498)
[Subsystems] Discovering subsystems at path C:/Program Files/Unity/Hub/Editor/2020.3.15f2/Editor/Data/Resources/UnitySubsystems
[Subsystems] Discovering subsystems at path C:/Users/s2001030/Desktop/Punahilkka/Assets
GfxDevice: creating device client; threaded=0
Direct3D:
    Version:  Direct3D 11.0 [level 11.1]
    Renderer: AMD Radeon(TM) Graphics (ID=0x1636)
    Vendor:   
    VRAM:     7886 MB
    Driver:   26.20.14030.1
Initialize mono
Mono path[0] = 'C:/Program Files/Unity/Hub/Editor/2020.3.15f2/Editor/Data/Managed'
Mono path[1] = 'C:/Program Files/Unity/Hub/Editor/2020.3.15f2/Editor/Data/MonoBleedingEdge/lib/mono/unityjit'
Mono config path = 'C:/Program Files/Unity/Hub/Editor/2020.3.15f2/Editor/Data/MonoBleedingEdge/etc'
Using monoOptions --debugger-agent=transport=dt_socket,embedding=1,server=y,suspend=n,address=127.0.0.1:56008
Begin MonoManager ReloadAssembly
Registering precompiled unity dll's ...
Register platform support module: C:/Program Files/Unity/Hub/Editor/2020.3.15f2/Editor/Data/PlaybackEngines/WebGLSupport/UnityEditor.WebGL.Extensions.dll
Register platform support module: C:/Program Files/Unity/Hub/Editor/2020.3.15f2/Editor/Data/PlaybackEngines/WindowsStandaloneSupport/UnityEditor.WindowsStandalone.Extensions.dll
Registered in 0.003680 seconds.
Native extension for WindowsStandalone target not found
Native extension for WebGL target not found
Refreshing native plugins compatible for Editor in 196.64 ms, found 3 plugins.
Preloading 0 native plugins for Editor in 0.00 ms.
Mono: successfully reloaded assembly
- Completed reload, in  4.222 seconds
Domain Reload Profiling:
	ReloadAssembly (4223ms)
		BeginReloadAssembly (183ms)
			ExecutionOrderSort (0ms)
			DisableScriptedObjects (0ms)
			BackupInstance (0ms)
			ReleaseScriptingObjects (0ms)
			CreateAndSetChildDomain (1ms)
		EndReloadAssembly (1780ms)
			LoadAssemblies (181ms)
			RebuildTransferFunctionScriptingTraits (0ms)
			SetupTypeCache (563ms)
			ReleaseScriptCaches (0ms)
			RebuildScriptCaches (47ms)
			SetupLoadedEditorAssemblies (472ms)
				LogAssemblyErrors (0ms)
				InitializePlatformSupportModulesInManaged (9ms)
				SetLoadedEditorAssemblies (0ms)
				RefreshPlugins (197ms)
				BeforeProcessingInitializeOnLoad (45ms)
				ProcessInitializeOnLoadAttributes (149ms)
				ProcessInitializeOnLoadMethodAttributes (71ms)
				AfterProcessingInitializeOnLoad (0ms)
				EditorAssembliesLoaded (0ms)
			ExecutionOrderSort2 (0ms)
			AwakeInstancesAfterBackupRestoration (0ms)
Platform modules already initialized, skipping
Registering precompiled user dll's ...
Registered in 0.007245 seconds.
Begin MonoManager ReloadAssembly
Native extension for WindowsStandalone target not found
Native extension for WebGL target not found
Refreshing native plugins compatible for Editor in 86.47 ms, found 3 plugins.
Preloading 0 native plugins for Editor in 0.00 ms.
Mono: successfully reloaded assembly
- Completed reload, in  1.695 seconds
Domain Reload Profiling:
	ReloadAssembly (1696ms)
		BeginReloadAssembly (179ms)
			ExecutionOrderSort (0ms)
			DisableScriptedObjects (8ms)
			BackupInstance (0ms)
			ReleaseScriptingObjects (0ms)
			CreateAndSetChildDomain (31ms)
		EndReloadAssembly (1438ms)
			LoadAssemblies (114ms)
			RebuildTransferFunctionScriptingTraits (0ms)
			SetupTypeCache (459ms)
			ReleaseScriptCaches (1ms)
			RebuildScriptCaches (62ms)
			SetupLoadedEditorAssemblies (597ms)
				LogAssemblyErrors (0ms)
				InitializePlatformSupportModulesInManaged (10ms)
				SetLoadedEditorAssemblies (0ms)
				RefreshPlugins (87ms)
				BeforeProcessingInitializeOnLoad (118ms)
				ProcessInitializeOnLoadAttributes (348ms)
				ProcessInitializeOnLoadMethodAttributes (23ms)
				AfterProcessingInitializeOnLoad (11ms)
				EditorAssembliesLoaded (0ms)
			ExecutionOrderSort2 (0ms)
			AwakeInstancesAfterBackupRestoration (6ms)
Platform modules already initialized, skipping
========================================================================
Worker process is ready to serve import requests
Launched and connected shader compiler UnityShaderCompiler.exe after 0.68 seconds
Refreshing native plugins compatible for Editor in 1.01 ms, found 3 plugins.
Preloading 0 native plugins for Editor in 0.00 ms.
Unloading 2237 Unused Serialized files (Serialized files now loaded: 0)
System memory in use before: 99.7 MB.
System memory in use after: 99.6 MB.

Unloading 33 unused Assets to reduce memory usage. Loaded Objects now: 2670.
Total: 5.034700 ms (FindLiveObjects: 0.414200 ms CreateObjectMapping: 0.062300 ms MarkObjects: 4.360400 ms  DeleteObjects: 0.194300 ms)

AssetImportParameters requested are different than current active one (requested -> active):
  custom:framework-win-MediaFoundation: 216162199b28c13a410421893ffa2e32 -> 
  custom:video-decoder-ogg-theora: a1e56fd34408186e4bbccfd4996cb3dc -> 
  custom:container-muxer-webm: aa71ff27fc2769a1b78a27578f13a17b -> 
  custom:container-demuxer-webm: 4f35f7cbe854078d1ac9338744f61a02 -> 
  custom:container-demuxer-ogg: 62fdf1f143b41e24485cea50d1cbac27 -> 
  custom:video-encoder-webm-vp8: eb34c28f22e8b96e1ab97ce403110664 -> 
  custom:video-decoder-webm-vp8: 9c59270c3fd7afecdb556c50c9e8de78 -> 
  custom:audio-decoder-ogg-vorbis: bf7c407c2cedff20999df2af8eb42d56 -> 
  custom:audio-encoder-webm-vorbis: bf7c407c2cedff20999df2af8eb42d56 -> 
========================================================================
Received Import Request.
  path: Assets/Scripts/CameraInbounds.cs
  artifactKey: Guid(ee7c65f2b5d2b31488b30419dbe368ce) Importer(815301076,1909f56bfc062723c751e8b465ee728b)
Start importing Assets/Scripts/CameraInbounds.cs using Guid(ee7c65f2b5d2b31488b30419dbe368ce) Importer(815301076,1909f56bfc062723c751e8b465ee728b)  -> (artifact id: '4d440688940479b4cdc4f318d7d2afe4') in 0.061100 seconds 
  Import took 0.066486 seconds .

========================================================================
Received Import Request.
  Time since last request: 54.584918 seconds.
  path: Assets/Scripts/CameraInbounds.cs
  artifactKey: Guid(ee7c65f2b5d2b31488b30419dbe368ce) Importer(815301076,1909f56bfc062723c751e8b465ee728b)
Start importing Assets/Scripts/CameraInbounds.cs using Guid(ee7c65f2b5d2b31488b30419dbe368ce) Importer(815301076,1909f56bfc062723c751e8b465ee728b)  -> (artifact id: '4b3cf79f6a118eba451dbecdb6efb24c') in 0.005217 seconds 
  Import took 0.010471 seconds .

========================================================================
Received Import Request.
  Time since last request: 0.002789 seconds.
  path: Assets/Scripts/CameraInbounds.cs
  artifactKey: Guid(ee7c65f2b5d2b31488b30419dbe368ce) Importer(815301076,1909f56bfc062723c751e8b465ee728b)
Start importing Assets/Scripts/CameraInbounds.cs using Guid(ee7c65f2b5d2b31488b30419dbe368ce) Importer(815301076,1909f56bfc062723c751e8b465ee728b)  -> (artifact id: '4b3cf79f6a118eba451dbecdb6efb24c') in 0.004249 seconds 
  Import took 0.008997 seconds .

========================================================================
Received Import Request.
  Time since last request: 98.442588 seconds.
  path: Assets/Scripts/CameraInbounds.cs
  artifactKey: Guid(ee7c65f2b5d2b31488b30419dbe368ce) Importer(815301076,1909f56bfc062723c751e8b465ee728b)
Start importing Assets/Scripts/CameraInbounds.cs using Guid(ee7c65f2b5d2b31488b30419dbe368ce) Importer(815301076,1909f56bfc062723c751e8b465ee728b)  -> (artifact id: 'e739c0589f833a5d9d573f20161b2ce5') in 0.003901 seconds 
  Import took 0.009271 seconds .

========================================================================
Received Import Request.
  Time since last request: 0.005169 seconds.
  path: Assets/Scripts/CameraInbounds.cs
  artifactKey: Guid(ee7c65f2b5d2b31488b30419dbe368ce) Importer(815301076,1909f56bfc062723c751e8b465ee728b)
Start importing Assets/Scripts/CameraInbounds.cs using Guid(ee7c65f2b5d2b31488b30419dbe368ce) Importer(815301076,1909f56bfc062723c751e8b465ee728b)  -> (artifact id: 'e739c0589f833a5d9d573f20161b2ce5') in 0.003793 seconds 
  Import took 0.008364 seconds .

========================================================================
Received Import Request.
  Time since last request: 224.996398 seconds.
  path: Assets/Scripts/CameraInbounds.cs
  artifactKey: Guid(ee7c65f2b5d2b31488b30419dbe368ce) Importer(815301076,1909f56bfc062723c751e8b465ee728b)
Start importing Assets/Scripts/CameraInbounds.cs using Guid(ee7c65f2b5d2b31488b30419dbe368ce) Importer(815301076,1909f56bfc062723c751e8b465ee728b)  -> (artifact id: '49549498fd3872278b33132f7e4507c7') in 0.004488 seconds 
  Import took 0.009476 seconds .

========================================================================
Received Import Request.
  Time since last request: 76.290030 seconds.
  path: Assets/Scripts/CameraInbounds.cs
  artifactKey: Guid(ee7c65f2b5d2b31488b30419dbe368ce) Importer(815301076,1909f56bfc062723c751e8b465ee728b)
Start importing Assets/Scripts/CameraInbounds.cs using Guid(ee7c65f2b5d2b31488b30419dbe368ce) Importer(815301076,1909f56bfc062723c751e8b465ee728b)  -> (artifact id: 'b065eca250b905396e907a29b9e863ec') in 0.005392 seconds 
  Import took 0.011066 seconds .

========================================================================
Received Import Request.
  Time since last request: 0.003271 seconds.
  path: Assets/Scripts/CameraInbounds.cs
  artifactKey: Guid(ee7c65f2b5d2b31488b30419dbe368ce) Importer(815301076,1909f56bfc062723c751e8b465ee728b)
Start importing Assets/Scripts/CameraInbounds.cs using Guid(ee7c65f2b5d2b31488b30419dbe368ce) Importer(815301076,1909f56bfc062723c751e8b465ee728b)  -> (artifact id: 'b065eca250b905396e907a29b9e863ec') in 0.004273 seconds 
  Import took 0.009426 seconds .

========================================================================
Received Import Request.
  Time since last request: 34.853985 seconds.
  path: Assets/Scripts/CameraInbounds.cs
  artifactKey: Guid(ee7c65f2b5d2b31488b30419dbe368ce) Importer(815301076,1909f56bfc062723c751e8b465ee728b)
Start importing Assets/Scripts/CameraInbounds.cs using Guid(ee7c65f2b5d2b31488b30419dbe368ce) Importer(815301076,1909f56bfc062723c751e8b465ee728b)  -> (artifact id: '2ce9a0c9d94f5582eabcaa723414e6ba') in 0.009343 seconds 
  Import took 0.014937 seconds .

========================================================================
Received Import Request.
  Time since last request: 0.000510 seconds.
  path: Assets/Scripts/CameraInbounds.cs
  artifactKey: Guid(ee7c65f2b5d2b31488b30419dbe368ce) Importer(815301076,1909f56bfc062723c751e8b465ee728b)
Start importing Assets/Scripts/CameraInbounds.cs using Guid(ee7c65f2b5d2b31488b30419dbe368ce) Importer(815301076,1909f56bfc062723c751e8b465ee728b)  -> (artifact id: '2ce9a0c9d94f5582eabcaa723414e6ba') in 0.004973 seconds 
  Import took 0.009556 seconds .

========================================================================
Received Import Request.
  Time since last request: 24.983030 seconds.
  path: Assets/Scripts/CameraInbounds.cs
  artifactKey: Guid(ee7c65f2b5d2b31488b30419dbe368ce) Importer(815301076,1909f56bfc062723c751e8b465ee728b)
Start importing Assets/Scripts/CameraInbounds.cs using Guid(ee7c65f2b5d2b31488b30419dbe368ce) Importer(815301076,1909f56bfc062723c751e8b465ee728b)  -> (artifact id: 'e6ae655ad47684151fc2a6b4cb05ac77') in 0.006700 seconds 
  Import took 0.011527 seconds .

========================================================================
Received Import Request.
  Time since last request: 1.974953 seconds.
  path: Assets/Scripts/CameraInbounds.cs
  artifactKey: Guid(ee7c65f2b5d2b31488b30419dbe368ce) Importer(815301076,1909f56bfc062723c751e8b465ee728b)
Start importing Assets/Scripts/CameraInbounds.cs using Guid(ee7c65f2b5d2b31488b30419dbe368ce) Importer(815301076,1909f56bfc062723c751e8b465ee728b)  -> (artifact id: 'dde8ea93fbee4e1b6a17721e4639197b') in 0.004608 seconds 
  Import took 0.012850 seconds .

========================================================================
Received Prepare
Registering precompiled user dll's ...
Registered in 0.004245 seconds.
Begin MonoManager ReloadAssembly
Native extension for WindowsStandalone target not found
Native extension for WebGL target not found
Refreshing native plugins compatible for Editor in 0.81 ms, found 3 plugins.
Preloading 0 native plugins for Editor in 0.00 ms.
Mono: successfully reloaded assembly
- Completed reload, in  1.125 seconds
Domain Reload Profiling:
	ReloadAssembly (1125ms)
		BeginReloadAssembly (123ms)
			ExecutionOrderSort (0ms)
			DisableScriptedObjects (6ms)
			BackupInstance (0ms)
			ReleaseScriptingObjects (0ms)
			CreateAndSetChildDomain (46ms)
		EndReloadAssembly (937ms)
			LoadAssemblies (86ms)
			RebuildTransferFunctionScriptingTraits (0ms)
			SetupTypeCache (303ms)
			ReleaseScriptCaches (1ms)
			RebuildScriptCaches (46ms)
			SetupLoadedEditorAssemblies (399ms)
				LogAssemblyErrors (0ms)
				InitializePlatformSupportModulesInManaged (6ms)
				SetLoadedEditorAssemblies (0ms)
				RefreshPlugins (1ms)
				BeforeProcessingInitializeOnLoad (88ms)
				ProcessInitializeOnLoadAttributes (292ms)
				ProcessInitializeOnLoadMethodAttributes (6ms)
				AfterProcessingInitializeOnLoad (7ms)
				EditorAssembliesLoaded (0ms)
			ExecutionOrderSort2 (0ms)
			AwakeInstancesAfterBackupRestoration (11ms)
Platform modules already initialized, skipping
Refreshing native plugins compatible for Editor in 0.96 ms, found 3 plugins.
Preloading 0 native plugins for Editor in 0.00 ms.
Unloading 2232 Unused Serialized files (Serialized files now loaded: 0)
System memory in use before: 99.6 MB.
System memory in use after: 99.6 MB.

Unloading 21 unused Assets to reduce memory usage. Loaded Objects now: 2674.
Total: 3.740900 ms (FindLiveObjects: 0.236900 ms CreateObjectMapping: 0.055600 ms MarkObjects: 3.312100 ms  DeleteObjects: 0.133900 ms)

AssetImportParameters requested are different than current active one (requested -> active):
  custom:framework-win-MediaFoundation: 216162199b28c13a410421893ffa2e32 -> 
  custom:video-decoder-ogg-theora: a1e56fd34408186e4bbccfd4996cb3dc -> 
  custom:container-muxer-webm: aa71ff27fc2769a1b78a27578f13a17b -> 
  custom:container-demuxer-webm: 4f35f7cbe854078d1ac9338744f61a02 -> 
  custom:container-demuxer-ogg: 62fdf1f143b41e24485cea50d1cbac27 -> 
  custom:video-encoder-webm-vp8: eb34c28f22e8b96e1ab97ce403110664 -> 
  custom:video-decoder-webm-vp8: 9c59270c3fd7afecdb556c50c9e8de78 -> 
  custom:audio-decoder-ogg-vorbis: bf7c407c2cedff20999df2af8eb42d56 -> 
  custom:audio-encoder-webm-vorbis: bf7c407c2cedff20999df2af8eb42d56 -> 
========================================================================
Received Import Request.
  Time since last request: 65.034875 seconds.
  path: Assets/Graphics/punahilkka.png
  artifactKey: Guid(23ffe4f4b5208e742bceb4ac6796b4ae) Importer(815301076,1909f56bfc062723c751e8b465ee728b)
Start importing Assets/Graphics/punahilkka.png using Guid(23ffe4f4b5208e742bceb4ac6796b4ae) Importer(815301076,1909f56bfc062723c751e8b465ee728b)  -> (artifact id: '275fb01ce07cf21b11097823ebfd6d4a') in 0.196397 seconds 
  Import took 0.201518 seconds .

========================================================================
Received Import Request.
  Time since last request: 26.912483 seconds.
  path: Assets/Graphics/punahilkka.png
  artifactKey: Guid(23ffe4f4b5208e742bceb4ac6796b4ae) Importer(815301076,1909f56bfc062723c751e8b465ee728b)
Start importing Assets/Graphics/punahilkka.png using Guid(23ffe4f4b5208e742bceb4ac6796b4ae) Importer(815301076,1909f56bfc062723c751e8b465ee728b)  -> (artifact id: '7027c8ff11562b8057fa346d45eb91ea') in 0.013781 seconds 
  Import took 0.020118 seconds .

========================================================================
Received Import Request.
  Time since last request: 0.001481 seconds.
  path: Assets/Graphics/punahilkka.png
  artifactKey: Guid(23ffe4f4b5208e742bceb4ac6796b4ae) Importer(815301076,1909f56bfc062723c751e8b465ee728b)
Start importing Assets/Graphics/punahilkka.png using Guid(23ffe4f4b5208e742bceb4ac6796b4ae) Importer(815301076,1909f56bfc062723c751e8b465ee728b)  -> (artifact id: '7027c8ff11562b8057fa346d45eb91ea') in 0.014651 seconds 
  Import took 0.019750 seconds .

========================================================================
Received Import Request.
  Time since last request: 8.318088 seconds.
  path: Assets/Graphics/punahilkka.png
  artifactKey: Guid(23ffe4f4b5208e742bceb4ac6796b4ae) Importer(815301076,1909f56bfc062723c751e8b465ee728b)
Start importing Assets/Graphics/punahilkka.png using Guid(23ffe4f4b5208e742bceb4ac6796b4ae) Importer(815301076,1909f56bfc062723c751e8b465ee728b)  -> (artifact id: 'af005d3606cf635f8227102894d59b91') in 0.015612 seconds 
  Import took 0.019679 seconds .

========================================================================
Received Import Request.
  Time since last request: 0.001454 seconds.
  path: Assets/Graphics/punahilkka.png
  artifactKey: Guid(23ffe4f4b5208e742bceb4ac6796b4ae) Importer(815301076,1909f56bfc062723c751e8b465ee728b)
Start importing Assets/Graphics/punahilkka.png using Guid(23ffe4f4b5208e742bceb4ac6796b4ae) Importer(815301076,1909f56bfc062723c751e8b465ee728b)  -> (artifact id: 'af005d3606cf635f8227102894d59b91') in 0.015542 seconds 
  Import took 0.020713 seconds .

========================================================================
Received Import Request.
  Time since last request: 34.734376 seconds.
  path: Assets/Graphics/punahilkka.png
  artifactKey: Guid(23ffe4f4b5208e742bceb4ac6796b4ae) Importer(815301076,1909f56bfc062723c751e8b465ee728b)
Start importing Assets/Graphics/punahilkka.png using Guid(23ffe4f4b5208e742bceb4ac6796b4ae) Importer(815301076,1909f56bfc062723c751e8b465ee728b)  -> (artifact id: 'ff5bda9ed1e65238311c73dba6f6dbb8') in 0.012500 seconds 
  Import took 0.016773 seconds .

========================================================================
Received Import Request.
  Time since last request: 0.001948 seconds.
  path: Assets/Graphics/punahilkka.png
  artifactKey: Guid(23ffe4f4b5208e742bceb4ac6796b4ae) Importer(815301076,1909f56bfc062723c751e8b465ee728b)
Start importing Assets/Graphics/punahilkka.png using Guid(23ffe4f4b5208e742bceb4ac6796b4ae) Importer(815301076,1909f56bfc062723c751e8b465ee728b)  -> (artifact id: 'ff5bda9ed1e65238311c73dba6f6dbb8') in 0.012161 seconds 
  Import took 0.016704 seconds .

========================================================================
Received Import Request.
  Time since last request: 6.445343 seconds.
  path: Assets/Graphics/punahilkka.png
  artifactKey: Guid(23ffe4f4b5208e742bceb4ac6796b4ae) Importer(815301076,1909f56bfc062723c751e8b465ee728b)
Start importing Assets/Graphics/punahilkka.png using Guid(23ffe4f4b5208e742bceb4ac6796b4ae) Importer(815301076,1909f56bfc062723c751e8b465ee728b)  -> (artifact id: '7c95064b9261d7b3add5cd5c2ee8803e') in 0.015456 seconds 
  Import took 0.028281 seconds .

========================================================================
Received Import Request.
  Time since last request: 264.635313 seconds.
  path: Assets/Graphics/punahilkka.png
  artifactKey: Guid(23ffe4f4b5208e742bceb4ac6796b4ae) Importer(815301076,1909f56bfc062723c751e8b465ee728b)
Start importing Assets/Graphics/punahilkka.png using Guid(23ffe4f4b5208e742bceb4ac6796b4ae) Importer(815301076,1909f56bfc062723c751e8b465ee728b)  -> (artifact id: 'd74c741b966d9bc870a6da7e68c800f9') in 0.060478 seconds 
  Import took 0.065986 seconds .

========================================================================
Received Import Request.
  Time since last request: 334.640785 seconds.
  path: Assets/Anim
  artifactKey: Guid(287a05fdf4c180546b087beec888d1e3) Importer(815301076,1909f56bfc062723c751e8b465ee728b)
Start importing Assets/Anim using Guid(287a05fdf4c180546b087beec888d1e3) Importer(815301076,1909f56bfc062723c751e8b465ee728b)  -> (artifact id: '3a306073aaa3ec1c6c727d914af90dc9') in 0.026340 seconds 
  Import took 0.031924 seconds .

========================================================================
Received Import Request.
  Time since last request: 4.415096 seconds.
  path: Assets/Anim/Punahilkka(player).controller
  artifactKey: Guid(6d32d1f376d46e94db060ad82c3c791f) Importer(815301076,1909f56bfc062723c751e8b465ee728b)
Start importing Assets/Anim/Punahilkka(player).controller using Guid(6d32d1f376d46e94db060ad82c3c791f) Importer(815301076,1909f56bfc062723c751e8b465ee728b)  -> (artifact id: '6a28784a28e4fa1307cd895ddb16d10e') in 0.033067 seconds 
  Import took 0.044725 seconds .

AssetImportWorkerClient::OnTransportError - code=2 error=End of file
